<?xml version="1.0" encoding="UTF-8"?>
<!-- Generated by org.testng.reporters.JUnitReportReporter -->
<testsuite skipped="0" hostname="DESKTOP-FHL2OHE" name="smoke.StartingPageTest" tests="1" failures="0" timestamp="2021-07-10T12:14:41 MSK" time="54.529" errors="0">
  <testcase name="headerSearch" time="54.529" classname="smoke.StartingPageTest"/>
</testsuite> <!-- smoke.StartingPageTest -->
