<?xml version="1.0" encoding="UTF-8"?>
<!-- Generated by org.testng.reporters.JUnitReportReporter -->
<testsuite skipped="0" hostname="DESKTOP-FHL2OHE" name="smoke.StartingPageTest" tests="1" failures="0" timestamp="2021-07-10T01:31:18 MSK" time="21.688" errors="0">
  <testcase name="headerSearch" time="21.688" classname="smoke.StartingPageTest"/>
</testsuite> <!-- smoke.StartingPageTest -->
