<?xml version="1.0" encoding="UTF-8"?>
<!-- Generated by org.testng.reporters.JUnitReportReporter -->
<testsuite skipped="0" hostname="DESKTOP-FHL2OHE" name="rest.RestTests" tests="1" failures="0" timestamp="2021-07-11T20:08:34 MSK" time="8.570" errors="0">
  <testcase name="getUsers" time="8.570" classname="rest.RestTests"/>
</testsuite> <!-- rest.RestTests -->
