<?xml version="1.0" encoding="UTF-8"?>
<!-- Generated by org.testng.reporters.JUnitReportReporter -->
<testsuite skipped="1" hostname="DESKTOP-FHL2OHE" name="com.selenium.StartingPageTest" tests="1" failures="0" timestamp="2021-07-09T23:00:00 MSK" time="0.000" errors="0">
  <testcase name="googleTest" time="0.000" classname="com.selenium.StartingPageTest">
    <skipped/>
  </testcase> <!-- googleTest -->
  <system-out/>
</testsuite> <!-- com.selenium.StartingPageTest -->
