<?xml version="1.0" encoding="UTF-8"?>
<testsuite name="rest.RestTests" tests="1" skipped="0" failures="0" errors="0" timestamp="2021-07-11T17:08:26" hostname="DESKTOP-FHL2OHE" time="8.57">
  <properties/>
  <testcase name="getUsers" classname="rest.RestTests" time="8.57"/>
  <system-out><![CDATA[]]></system-out>
  <system-err><![CDATA[]]></system-err>
</testsuite>
